<?xml version="1.0" encoding="UTF-8"?>
<testsuite xmlns:xsi="http://www.w3.org/2001/XMLSchema-instance" xsi:noNamespaceSchemaLocation="https://maven.apache.org/surefire/maven-surefire-plugin/xsd/surefire-test-report-3.0.xsd" version="3.0" name="parallelonlyforTestNG.ParallelRun" time="28.215" tests="5" errors="0" skipped="0" failures="0">
  <properties>
[...]
</properties>
  <testcase name="runScenario[&quot;Forgot Password link&quot;, &quot;Optional[Login page feature]&quot;](1)" classname="parallelonlyforTestNG.ParallelRun" time="19.171">
    <system-out><![CDATA[
Scenario: Forgot Password link                  &amp#27;[90m# src/test/resources/parallelforTestNG/LoginPage.feature:8&amp#27;[0m

Scenario: Accounts Page Title                    &amp#27;[90m# src/test/resources/parallelforTestNG/AccountsPage.feature:8&amp#27;[0m

Scenario: Accounts section count                 &amp#27;[90m# src/test/resources/parallelforTestNG/AccountsPage.feature:13&amp#27;[0m

Scenario: Login with correct credentials        &amp#27;[90m# src/test/resources/parallelforTestNG/LoginPage.feature:12&amp#27;[0m

Scenario: Login page title                  &amp#27;[90m# src/test/resources/parallelforTestNG/LoginPage.feature:3&amp#27;[0m
Browser defined in properties file is:chrome
Browser defined in properties file is:chrome
Browser defined in properties file is:chrome
Browser defined in properties file is:chrome
Browser defined in properties file is:chrome
  &amp#27;[32mGiven &amp#27;[0m&amp#27;[32muser is on the login page&amp#27;[0m               &amp#27;[90m# parallelonlyforTestNG.loginStepDef.user_is_on_the_login_page()&amp#27;[0m
  &amp#27;[32mGiven &amp#27;[0m&amp#27;[32muser is on the login page&amp#27;[0m           &amp#27;[90m# parallelonlyforTestNG.loginStepDef.user_is_on_the_login_page()&amp#27;[0m
Extracted title from the login page is:Account Login
  &amp#27;[32mWhen &amp#27;[0m&amp#27;[32muser get the title of the page&amp#27;[0m       &amp#27;[90m# parallelonlyforTestNG.loginStepDef.user_get_the_title_of_the_page()&amp#27;[0m
  &amp#27;[32mThen &amp#27;[0m&amp#27;[32mpage title should be &amp#27;[0m&amp#27;[32m&amp#27;[1m"Account Login"&amp#27;[0m &amp#27;[90m# parallelonlyforTestNG.loginStepDef.page_title_should_be(java.lang.String)&amp#27;[0m
  &amp#27;[32mThen &amp#27;[0m&amp#27;[32mForgot password link should be displayed&amp#27;[0m &amp#27;[90m# parallelonlyforTestNG.loginStepDef.forgot_password_link_should_be_displayed()&amp#27;[0m
  &amp#27;[32mGiven &amp#27;[0m&amp#27;[32muser is on the login page&amp#27;[0m               &amp#27;[90m# parallelonlyforTestNG.loginStepDef.user_is_on_the_login_page()&amp#27;[0m
  &amp#27;[32mWhen &amp#27;[0m&amp#27;[32muser enters username &amp#27;[0m&amp#27;[32m&amp#27;[1m"test745@gmail.com"&amp#27;[0m &amp#27;[90m# parallelonlyforTestNG.loginStepDef.user_enters_username(java.lang.String)&amp#27;[0m
  &amp#27;[32mAnd &amp#27;[0m&amp#27;[32muser enters password &amp#27;[0m&amp#27;[32m&amp#27;[1m"Test@123"&amp#27;[0m           &amp#27;[90m# parallelonlyforTestNG.loginStepDef.user_enters_password(java.lang.String)&amp#27;[0m
]]></system-out>
    <system-err><![CDATA[Starting ChromeDriver 123.0.6312.122 (31f8248cdd90acbac59f700b603fed0b5967ca50-refs/branch-heads/6312@{#824}) on port 16833
Only local connections are allowed.
Please see https://chromedriver.chromium.org/security-considerations for suggestions on keeping ChromeDriver safe.
Starting ChromeDriver 123.0.6312.122 (31f8248cdd90acbac59f700b603fed0b5967ca50-refs/branch-heads/6312@{#82C4}h)r oomne pDorritv e3r w8a1s3 1sta
rOtenlyd  lsouccacle scsofnunlleyc.ti
ons are allowed.
Please see https://chromedriver.chromium.org/security-considerations for suggestions on keeping ChromeDriver safe.
ChSrtomaerDtriinvger  Cwhasr osmteaDrrtievde rs u1c2c3.e0s.s6f31u2l.l1y2.2
 (31f8248cdd90acbac59f700b603fed0b5967ca50-refs/branch-heads/6312@{#824}) on port 30370
Only local connections are allowed.
Please see https://chromedriver.chromium.org/security-considerations for suggestions on keeping ChromeDriver safe.
SChtraormeDtriinvger w aCsh rsotmaerDtedr isvueccres 12s3f.u0l.l6y312..1
22 (31f8248cdd90acbac59f700b603fed0b5967ca50-refs/branch-heads/6312@{#824}) on port 14511
Only local connections are allowed.
Please see https://chromedriver.chromium.org/security-considerations for suggestions on keeping ChromeDriver safe.
Starting ChromeDriver 123.0.6312.122 (31f8248cdd90acbac59f700b603fed0b5967ca50-refs/branch-heads/6312@{#824}) on port 42446
Only local connections are allowed.
Please see https://chromedriver.chromium.org/security-considerations for suggestions on keeping ChromeDriver safe.
ChromeDriver was started successfully.
ChromeDriver was started successfully.
Apr 23, 2024 11:57:31 AM org.openqa.selenium.remote.ProtocolHandshake createSession
INFO: Detected dialect: W3C
Apr 23, 2024 11:57:31 AM org.openqa.selenium.remote.ProtocolHandshake createSession
INFO: Detected dialect: W3C
Apr 23, 2024 11:57:31 AM org.openqa.selenium.remote.ProtocolHandshake createSession
INFO: Detected dialect: W3C
Apr 23, 2024 11:57:31 AM org.openqa.selenium.remote.ProtocolHandshake createSession
INFO: Detected dialect: W3C
Apr 23, 2024 11:57:32 AM org.openqa.selenium.remote.ProtocolHandshake createSession
INFO: Detected dialect: W3C
]]></system-err>
  </testcase>
  <testcase name="runScenario[&quot;Login page title&quot;, &quot;Optional[Login page feature]&quot;](2)" classname="parallelonlyforTestNG.ParallelRun" time="20.06">
    <system-out><![CDATA[  &amp#27;[32mAnd &amp#27;[0m&amp#27;[32muser clicks on login button&amp#27;[0m               &amp#27;[90m# parallelonlyforTestNG.loginStepDef.user_clicks_on_login_button()&amp#27;[0m
  &amp#27;[32mGiven &amp#27;[0m&amp#27;[32mUser has already logged into application&amp#27;[0m &amp#27;[90m# parallelonlyforTestNG.AccountsPageStepDef.user_has_already_logged_into_application(io.cucumber.datatable.DataTable)&amp#27;[0m
  &amp#27;[32mGiven &amp#27;[0m&amp#27;[32mUser has already logged into application&amp#27;[0m &amp#27;[90m# parallelonlyforTestNG.AccountsPageStepDef.user_has_already_logged_into_application(io.cucumber.datatable.DataTable)&amp#27;[0m
Extracted title from the login page is:My Account
  &amp#27;[32mThen &amp#27;[0m&amp#27;[32muser get the title of the page&amp#27;[0m           &amp#27;[90m# parallelonlyforTestNG.loginStepDef.user_get_the_title_of_the_page()&amp#27;[0m
  &amp#27;[32mAnd &amp#27;[0m&amp#27;[32mpage title should be &amp#27;[0m&amp#27;[32m&amp#27;[1m"My Account"&amp#27;[0m         &amp#27;[90m# parallelonlyforTestNG.loginStepDef.page_title_should_be(java.lang.String)&amp#27;[0m
Accounts Page Title is:My Account
  &amp#27;[32mGiven &amp#27;[0m&amp#27;[32mUser is on the accounts page&amp#27;[0m             &amp#27;[90m# parallelonlyforTestNG.AccountsPageStepDef.user_is_on_the_accounts_page()&amp#27;[0m
Extracted title from the login page is:My Account
  &amp#27;[32mWhen &amp#27;[0m&amp#27;[32muser get the title of the page&amp#27;[0m            &amp#27;[90m# parallelonlyforTestNG.loginStepDef.user_get_the_title_of_the_page()&amp#27;[0m
  &amp#27;[32mThen &amp#27;[0m&amp#27;[32mpage title should be &amp#27;[0m&amp#27;[32m&amp#27;[1m"My Account"&amp#27;[0m         &amp#27;[90m# parallelonlyforTestNG.loginStepDef.page_title_should_be(java.lang.String)&amp#27;[0m
]]></system-out>
  </testcase>
  <testcase name="runScenario[&quot;Login with correct credentials&quot;, &quot;Optional[Login page feature]&quot;](3)" classname="parallelonlyforTestNG.ParallelRun" time="20.776">
    <system-out><![CDATA[Accounts Page Title is:My Account
  &amp#27;[32mGiven &amp#27;[0m&amp#27;[32mUser is on the accounts page&amp#27;[0m             &amp#27;[90m# parallelonlyforTestNG.AccountsPageStepDef.user_is_on_the_accounts_page()&amp#27;[0m
Expected Account Section list:[Edit your account information, Change your password, Modify your address book entries, Modify your wish list]
Edit your account information
Change your password
Modify your address book entries
Modify your wish list
Actual account Section list:[Edit your account information
Change your password
Modify your address book entries
Modify your wish list]
  &amp#27;[32mThen &amp#27;[0m&amp#27;[32mUser gets account section&amp#27;[0m                 &amp#27;[90m# parallelonlyforTestNG.AccountsPageStepDef.user_gets_account_section(io.cucumber.datatable.DataTable)&amp#27;[0m
1
  &amp#27;[32mAnd &amp#27;[0m&amp#27;[32mAccounts section count should be &amp#27;[0m&amp#27;[32m&amp#27;[1m4&amp#27;[0m         &amp#27;[90m# parallelonlyforTestNG.AccountsPageStepDef.accounts_section_count_should_be(java.lang.Integer)&amp#27;[0m
]]></system-out>
  </testcase>
  <testcase name="runScenario[&quot;Accounts section count&quot;, &quot;Optional[Accounts Page Feature]&quot;](4)" classname="parallelonlyforTestNG.ParallelRun" time="21.114"/>
  <testcase name="runScenario[&quot;Accounts Page Title&quot;, &quot;Optional[Accounts Page Feature]&quot;](5)" classname="parallelonlyforTestNG.ParallelRun" time="21.252"/>
</testsuite>